\BOOKMARK [1][-]{section*.1}{1. Histogram based processing}{}% 1
\BOOKMARK [2][-]{section*.2}{1.1.}{section*.1}% 2
\BOOKMARK [2][-]{section*.3}{1.2.}{section*.1}% 3
\BOOKMARK [2][-]{section*.5}{1.3.}{section*.1}% 4
\BOOKMARK [2][-]{section*.8}{1.4.}{section*.1}% 5
\BOOKMARK [2][-]{section*.11}{1.5.}{section*.1}% 6
\BOOKMARK [2][-]{section*.13}{1.6.}{section*.1}% 7
\BOOKMARK [2][-]{section*.16}{1.7.}{section*.1}% 8
\BOOKMARK [2][-]{section*.19}{1.8.}{section*.1}% 9
\BOOKMARK [3][-]{section*.20}{1.8.1.}{section*.19}% 10
\BOOKMARK [3][-]{section*.21}{1.8.2.}{section*.19}% 11
\BOOKMARK [2][-]{section*.23}{1.9.}{section*.1}% 12
\BOOKMARK [1][-]{section*.27}{2. Image filtering and enhancement}{}% 13
\BOOKMARK [2][-]{section*.28}{2.1.}{section*.27}% 14
\BOOKMARK [2][-]{section*.29}{2.2}{section*.27}% 15
\BOOKMARK [2][-]{section*.30}{2.3.}{section*.27}% 16
\BOOKMARK [2][-]{section*.33}{2.4.}{section*.27}% 17
\BOOKMARK [2][-]{section*.35}{2.5.}{section*.27}% 18
\BOOKMARK [1][-]{section*.37}{3 Bonus questions}{}% 19
\BOOKMARK [2][-]{section*.38}{3.1.}{section*.37}% 20
\BOOKMARK [2][-]{section*.39}{3.2.}{section*.37}% 21
\BOOKMARK [2][-]{section*.40}{3.3.}{section*.37}% 22
\BOOKMARK [1][-]{section*.42}{helper methods}{}% 23
